methods.Gauss - МЕТОДА ГАУССА ДЛЯ РЕШЕНИЯ СИСТЕМЫ УРАВНЕНИЙ.
methods.Gauss - Выбрана строка 1 с максимальным элементом для столбца 1
methods.Gauss - Обновление свободного члена b[1]: -20.489830508474576
methods.Gauss - Обновление элемента A[1][0]: 0.0
methods.Gauss - Обновление элемента A[1][1]: 20.09491525423729
methods.Gauss - Обновление элемента A[1][2]: -0.823728813559322
methods.Gauss - Обновление элемента A[1][3]: -1.2152542372881356
methods.Gauss - Обновление свободного члена b[2]: 13.514124293785311
methods.Gauss - Обновление элемента A[2][0]: 0.0
methods.Gauss - Обновление элемента A[2][1]: -0.823728813559322
methods.Gauss - Обновление элемента A[2][2]: 21.789265536723164
methods.Gauss - Обновление элемента A[2][3]: 0.728813559322034
methods.Gauss - Обновление свободного члена b[3]: 17.33050847457627
methods.Gauss - Обновление элемента A[3][0]: 0.0
methods.Gauss - Обновление элемента A[3][1]: -1.2152542372881356
methods.Gauss - Обновление элемента A[3][2]: 0.728813559322034
methods.Gauss - Обновление элемента A[3][3]: 17.554237288135596
logger.LoggerMatrix - Mатрица A:
|  17,7000   0,3000   1,4000   0,9000 
|   0,0000  20,0949  -0,8237  -1,2153 
|   0,0000  -0,8237  21,7893   0,7288 
|   0,0000  -1,2153   0,7288  17,5542 

logger.LoggerMatrix - Текущий вектор b: | 11,2000 | -20,4898 | 13,5141 | 17,3305 |

methods.Gauss - Выбрана строка 2 с максимальным элементом для столбца 2
methods.Gauss - Обновление свободного члена b[2]: 12.674207152496628
methods.Gauss - Обновление элемента A[2][1]: 0.0
methods.Gauss - Обновление элемента A[2][2]: 21.75549932523617
methods.Gauss - Обновление элемента A[2][3]: 0.6789979757085021
methods.Gauss - Обновление свободного члена b[3]: 16.091371457489878
methods.Gauss - Обновление элемента A[3][1]: 0.0
methods.Gauss - Обновление элемента A[3][2]: 0.6789979757085021
methods.Gauss - Обновление элемента A[3][3]: 17.48074392712551
logger.LoggerMatrix - Mатрица A:
|  17,7000   0,3000   1,4000   0,9000 
|   0,0000  20,0949  -0,8237  -1,2153 
|   0,0000   0,0000  21,7555   0,6790 
|   0,0000   0,0000   0,6790  17,4807 

logger.LoggerMatrix - Текущий вектор b: | 11,2000 | -20,4898 | 12,6742 | 16,0914 |

methods.Gauss - Выбрана строка 3 с максимальным элементом для столбца 3
methods.Gauss - Обновление свободного члена b[3]: 15.6958043012687
methods.Gauss - Обновление элемента A[3][2]: 0.0
methods.Gauss - Обновление элемента A[3][3]: 17.459552124348477
logger.LoggerMatrix - Mатрица A:
|  17,7000   0,3000   1,4000   0,9000 
|   0,0000  20,0949  -0,8237  -1,2153 
|   0,0000   0,0000  21,7555   0,6790 
|   0,0000   0,0000   0,0000  17,4596 

logger.LoggerMatrix - Текущий вектор b: | 11,2000 | -20,4898 | 12,6742 | 15,6958 |

methods.Gauss - Выбрана строка 4 с максимальным элементом для столбца 4
logger.LoggerMatrix - Mатрица A:
|  17,7000   0,3000   1,4000   0,9000 
|   0,0000  20,0949  -0,8237  -1,2153 
|   0,0000   0,0000  21,7555   0,6790 
|   0,0000   0,0000   0,0000  17,4596 

logger.LoggerMatrix - Текущий вектор b: | 11,2000 | -20,4898 | 12,6742 | 15,6958 |

methods.Gauss - Прямой ход завершён. Начало обратного хода.
methods.Gauss - Вычислено значение x[4]: 0.8989809239940286
methods.Gauss - Вычислено значение x[3]: 0.5545173082242351
methods.Gauss - Вычислено значение x[2]: -0.9425552686993339
methods.Gauss - Вычислено значение x[1]: 0.5591728540961156
methods.Gauss - Обратный ход завершён. Решение найдено.
logger.LoggerMatrix - Решение системы уравнений:
logger.LoggerMatrix - x[1] = 0,5592
logger.LoggerMatrix - x[2] = -0,9426
logger.LoggerMatrix - x[3] = 0,5545
logger.LoggerMatrix - x[4] = 0,8990
methods.Cholesky - РЕШЕНИЕ МЕТОДОМ ХОЛЕЦКИ
methods.Cholesky - Матрица положительно определенная и симметрична относительно главной диагонали.
methods.Cholesky - Начинаем разложение Холецкого.
methods.Cholesky - H[1][1] = 4,2071
methods.Cholesky - H[2][1] = 0,0713
methods.Cholesky - sum = 0,071 * 0,071 (h[2][1], h[2][1])
methods.Cholesky - H[2][2] = 4,4827
methods.Cholesky - H[3][1] = 0,3328
methods.Cholesky - sum = 0,333 * 0,071 (h[3][1], h[2][1])
methods.Cholesky - H[3][2] = -0,1838
methods.Cholesky - sum = 0,333 * 0,333 (h[3][1], h[3][1])
methods.Cholesky - sum = -0,184 * -0,184 (h[3][2], h[3][2])
methods.Cholesky - H[3][3] = 4,6643
methods.Cholesky - H[4][1] = 0,2139
methods.Cholesky - sum = 0,214 * 0,071 (h[4][1], h[2][1])
methods.Cholesky - H[4][2] = -0,2711
methods.Cholesky - sum = 0,214 * 0,333 (h[4][1], h[3][1])
methods.Cholesky - sum = -0,271 * -0,184 (h[4][2], h[3][2])
methods.Cholesky - H[4][3] = 0,1456
methods.Cholesky - sum = 0,214 * 0,214 (h[4][1], h[4][1])
methods.Cholesky - sum = -0,271 * -0,271 (h[4][2], h[4][2])
methods.Cholesky - sum = 0,146 * 0,146 (h[4][3], h[4][3])
methods.Cholesky - H[4][4] = 4,1785
methods.Cholesky - Разложение Холецкого завершено.
logger.LoggerMatrix - Mатрица H:
|   4,2071   0,0000   0,0000   0,0000 
|   0,0713   4,4827   0,0000   0,0000 
|   0,3328  -0,1838   4,6643   0,0000 
|   0,2139  -0,2711   0,1456   4,1785 

logger.LoggerMatrix - Транспонированная матрица H^T:
|   4,2071   0,0713   0,3328   0,2139 
|   0,0000   4,4827  -0,1838  -0,2711 
|   0,0000   0,0000   4,6643   0,1456 
|   0,0000   0,0000   0,0000   4,1785 

methods.Cholesky - Начинаем решение Hy = b.
methods.Cholesky - y[1] = 2.6621430558325585
methods.Cholesky - y[2] = -4.5708321817163
methods.Cholesky - y[3] = 2.7172917697001515
methods.Cholesky - y[4] = 3.7563584298604926
methods.Cholesky - Решение для y завершено. Переход к решению H^T * x = y.
logger.LoggerMatrix - Решение системы уравнений:
logger.LoggerMatrix - x[1] = 0,5592
logger.LoggerMatrix - x[2] = -0,9426
logger.LoggerMatrix - x[3] = 0,5545
logger.LoggerMatrix - x[4] = 0,8990

methods.Jacobi - РЕШЕНИЕ СИСТЕМЫ УРОВНЕНИЙ МЕТОДОМ ЯКОБИ
methods.Jacobi - Iteration: 1
methods.Jacobi - sum += A[1][2] * xOld[2] -> sum += 0,3000 * 0,0000 = 0,0000
methods.Jacobi - sum += A[1][3] * xOld[3] -> sum += 1,4000 * 0,0000 = 0,0000
methods.Jacobi - sum += A[1][4] * xOld[4] -> sum += 0,9000 * 0,0000 = 0,0000
methods.Jacobi - x[1] = (b[1] - sum)/A[1][1] -> x[1] = (11,2000 - 0,0000) / 17,7000 = 0,6328
methods.Jacobi - sum += A[2][1] * xOld[1] -> sum += 0,3000 * 0,0000 = 0,0000
methods.Jacobi - sum += A[2][3] * xOld[3] -> sum += -0,8000 * 0,0000 = 0,0000
methods.Jacobi - sum += A[2][4] * xOld[4] -> sum += -1,2000 * 0,0000 = 0,0000
methods.Jacobi - x[2] = (b[2] - sum)/A[2][2] -> x[2] = (-20,3000 - 0,0000) / 20,1000 = -1,0100
methods.Jacobi - sum += A[3][1] * xOld[1] -> sum += 1,4000 * 0,0000 = 0,0000
methods.Jacobi - sum += A[3][2] * xOld[2] -> sum += -0,8000 * 0,0000 = 0,0000
methods.Jacobi - sum += A[3][4] * xOld[4] -> sum += 0,8000 * 0,0000 = 0,0000
methods.Jacobi - x[3] = (b[3] - sum)/A[3][3] -> x[3] = (14,4000 - 0,0000) / 21,9000 = 0,6575
methods.Jacobi - sum += A[4][1] * xOld[1] -> sum += 0,9000 * 0,0000 = 0,0000
methods.Jacobi - sum += A[4][2] * xOld[2] -> sum += -1,2000 * 0,0000 = 0,0000
methods.Jacobi - sum += A[4][3] * xOld[3] -> sum += 0,8000 * 0,0000 = 0,0000
methods.Jacobi - x[4] = (b[4] - sum)/A[4][4] -> x[4] = (17,9000 - 0,0000) / 17,6000 = 1,0170
methods.Jacobi - Iteration: 2
methods.Jacobi - sum += A[1][2] * xOld[2] -> sum += 0,3000 * -1,0100 = -0,3030
methods.Jacobi - sum += A[1][3] * xOld[3] -> sum += 1,4000 * 0,6575 = 0,6176
methods.Jacobi - sum += A[1][4] * xOld[4] -> sum += 0,9000 * 1,0170 = 1,5329
methods.Jacobi - x[1] = (b[1] - sum)/A[1][1] -> x[1] = (11,2000 - 1,5329) / 17,7000 = 0,5462
methods.Jacobi - sum += A[2][1] * xOld[1] -> sum += 0,3000 * 0,6328 = 0,1898
methods.Jacobi - sum += A[2][3] * xOld[3] -> sum += -0,8000 * 0,6575 = -0,3362
methods.Jacobi - sum += A[2][4] * xOld[4] -> sum += -1,2000 * 1,0170 = -1,5567
methods.Jacobi - x[2] = (b[2] - sum)/A[2][2] -> x[2] = (-20,3000 - -1,5567) / 20,1000 = -0,9325
methods.Jacobi - sum += A[3][1] * xOld[1] -> sum += 1,4000 * 0,6328 = 0,8859
methods.Jacobi - sum += A[3][2] * xOld[2] -> sum += -0,8000 * -1,0100 = 1,6938
methods.Jacobi - sum += A[3][4] * xOld[4] -> sum += 0,8000 * 1,0170 = 2,5075
methods.Jacobi - x[3] = (b[3] - sum)/A[3][3] -> x[3] = (14,4000 - 2,5075) / 21,9000 = 0,5430
methods.Jacobi - sum += A[4][1] * xOld[1] -> sum += 0,9000 * 0,6328 = 0,5695
methods.Jacobi - sum += A[4][2] * xOld[2] -> sum += -1,2000 * -1,0100 = 1,7814
methods.Jacobi - sum += A[4][3] * xOld[3] -> sum += 0,8000 * 0,6575 = 2,3075
methods.Jacobi - x[4] = (b[4] - sum)/A[4][4] -> x[4] = (17,9000 - 2,3075) / 17,6000 = 0,8859
methods.Jacobi - Iteration: 3
methods.Jacobi - sum += A[1][2] * xOld[2] -> sum += 0,3000 * -0,9325 = -0,2798
methods.Jacobi - sum += A[1][3] * xOld[3] -> sum += 1,4000 * 0,5430 = 0,4805
methods.Jacobi - sum += A[1][4] * xOld[4] -> sum += 0,9000 * 0,8859 = 1,2778
methods.Jacobi - x[1] = (b[1] - sum)/A[1][1] -> x[1] = (11,2000 - 1,2778) / 17,7000 = 0,5606
methods.Jacobi - sum += A[2][1] * xOld[1] -> sum += 0,3000 * 0,5462 = 0,1638
methods.Jacobi - sum += A[2][3] * xOld[3] -> sum += -0,8000 * 0,5430 = -0,2706
methods.Jacobi - sum += A[2][4] * xOld[4] -> sum += -1,2000 * 0,8859 = -1,3337
methods.Jacobi - x[2] = (b[2] - sum)/A[2][2] -> x[2] = (-20,3000 - -1,3337) / 20,1000 = -0,9436
methods.Jacobi - sum += A[3][1] * xOld[1] -> sum += 1,4000 * 0,5462 = 0,7646
methods.Jacobi - sum += A[3][2] * xOld[2] -> sum += -0,8000 * -0,9325 = 1,5106
methods.Jacobi - sum += A[3][4] * xOld[4] -> sum += 0,8000 * 0,8859 = 2,2194
methods.Jacobi - x[3] = (b[3] - sum)/A[3][3] -> x[3] = (14,4000 - 2,2194) / 21,9000 = 0,5562
methods.Jacobi - sum += A[4][1] * xOld[1] -> sum += 0,9000 * 0,5462 = 0,4915
methods.Jacobi - sum += A[4][2] * xOld[2] -> sum += -1,2000 * -0,9325 = 1,6106
methods.Jacobi - sum += A[4][3] * xOld[3] -> sum += 0,8000 * 0,5430 = 2,0450
methods.Jacobi - x[4] = (b[4] - sum)/A[4][4] -> x[4] = (17,9000 - 2,0450) / 17,6000 = 0,9009
methods.Jacobi - Iteration: 4
methods.Jacobi - sum += A[1][2] * xOld[2] -> sum += 0,3000 * -0,9436 = -0,2831
methods.Jacobi - sum += A[1][3] * xOld[3] -> sum += 1,4000 * 0,5562 = 0,4956
methods.Jacobi - sum += A[1][4] * xOld[4] -> sum += 0,9000 * 0,9009 = 1,3064
methods.Jacobi - x[1] = (b[1] - sum)/A[1][1] -> x[1] = (11,2000 - 1,3064) / 17,7000 = 0,5590
methods.Jacobi - sum += A[2][1] * xOld[1] -> sum += 0,3000 * 0,5606 = 0,1682
methods.Jacobi - sum += A[2][3] * xOld[3] -> sum += -0,8000 * 0,5562 = -0,2768
methods.Jacobi - sum += A[2][4] * xOld[4] -> sum += -1,2000 * 0,9009 = -1,3578
methods.Jacobi - x[2] = (b[2] - sum)/A[2][2] -> x[2] = (-20,3000 - -1,3578) / 20,1000 = -0,9424
methods.Jacobi - sum += A[3][1] * xOld[1] -> sum += 1,4000 * 0,5606 = 0,7848
methods.Jacobi - sum += A[3][2] * xOld[2] -> sum += -0,8000 * -0,9436 = 1,5397
methods.Jacobi - sum += A[3][4] * xOld[4] -> sum += 0,8000 * 0,9009 = 2,2604
methods.Jacobi - x[3] = (b[3] - sum)/A[3][3] -> x[3] = (14,4000 - 2,2604) / 21,9000 = 0,5543
methods.Jacobi - sum += A[4][1] * xOld[1] -> sum += 0,9000 * 0,5606 = 0,5045
methods.Jacobi - sum += A[4][2] * xOld[2] -> sum += -1,2000 * -0,9436 = 1,6368
methods.Jacobi - sum += A[4][3] * xOld[3] -> sum += 0,8000 * 0,5562 = 2,0818
methods.Jacobi - x[4] = (b[4] - sum)/A[4][4] -> x[4] = (17,9000 - 2,0818) / 17,6000 = 0,8988
methods.Jacobi - Iteration: 5
methods.Jacobi - sum += A[1][2] * xOld[2] -> sum += 0,3000 * -0,9424 = -0,2827
methods.Jacobi - sum += A[1][3] * xOld[3] -> sum += 1,4000 * 0,5543 = 0,4933
methods.Jacobi - sum += A[1][4] * xOld[4] -> sum += 0,9000 * 0,8988 = 1,3022
methods.Jacobi - x[1] = (b[1] - sum)/A[1][1] -> x[1] = (11,2000 - 1,3022) / 17,7000 = 0,5592
methods.Jacobi - sum += A[2][1] * xOld[1] -> sum += 0,3000 * 0,5590 = 0,1677
methods.Jacobi - sum += A[2][3] * xOld[3] -> sum += -0,8000 * 0,5543 = -0,2758
methods.Jacobi - sum += A[2][4] * xOld[4] -> sum += -1,2000 * 0,8988 = -1,3543
methods.Jacobi - x[2] = (b[2] - sum)/A[2][2] -> x[2] = (-20,3000 - -1,3543) / 20,1000 = -0,9426
methods.Jacobi - sum += A[3][1] * xOld[1] -> sum += 1,4000 * 0,5590 = 0,7825
methods.Jacobi - sum += A[3][2] * xOld[2] -> sum += -0,8000 * -0,9424 = 1,5365
methods.Jacobi - sum += A[3][4] * xOld[4] -> sum += 0,8000 * 0,8988 = 2,2555
methods.Jacobi - x[3] = (b[3] - sum)/A[3][3] -> x[3] = (14,4000 - 2,2555) / 21,9000 = 0,5545
methods.Jacobi - sum += A[4][1] * xOld[1] -> sum += 0,9000 * 0,5590 = 0,5031
methods.Jacobi - sum += A[4][2] * xOld[2] -> sum += -1,2000 * -0,9424 = 1,6339
methods.Jacobi - sum += A[4][3] * xOld[3] -> sum += 0,8000 * 0,5543 = 2,0774
methods.Jacobi - x[4] = (b[4] - sum)/A[4][4] -> x[4] = (17,9000 - 2,0774) / 17,6000 = 0,8990
logger.LoggerMatrix - Решение системы уравнений:
logger.LoggerMatrix - x[1] = 0,5592
logger.LoggerMatrix - x[2] = -0,9426
logger.LoggerMatrix - x[3] = 0,5545
logger.LoggerMatrix - x[4] = 0,8990

methods.GaussSeidel - РЕШЕНИЕ СИСТЕМЫ УРОВНЕНИЙ МЕТОДОМ ГАУССА — ЗЕЙДЕЛЯ e10^-3
methods.GaussSeidel - Iteration: 1
methods.GaussSeidel - sum += A[1][2] * x[2] -> sum += 0,3000 * 0,0000 = 0,0000
methods.GaussSeidel - sum += A[1][3] * x[3] -> sum += 1,4000 * 0,0000 = 0,0000
methods.GaussSeidel - sum += A[1][4] * x[4] -> sum += 0,9000 * 0,0000 = 0,0000
methods.GaussSeidel - x[1] = (b[1] - sum)/A[1][1] -> x[1] = (11,2000 - 0,0000) / 17,7000 = 0,6328
methods.GaussSeidel - sum += A[2][1] * x[1] -> sum += 0,3000 * 0,6328 = 0,1898
methods.GaussSeidel - sum += A[2][3] * x[3] -> sum += -0,8000 * 0,0000 = 0,1898
methods.GaussSeidel - sum += A[2][4] * x[4] -> sum += -1,2000 * 0,0000 = 0,1898
methods.GaussSeidel - x[2] = (b[2] - sum)/A[2][2] -> x[2] = (-20,3000 - 0,1898) / 20,1000 = -1,0194
methods.GaussSeidel - sum += A[3][1] * x[1] -> sum += 1,4000 * 0,6328 = 0,8859
methods.GaussSeidel - sum += A[3][2] * x[2] -> sum += -0,8000 * -1,0194 = 1,7014
methods.GaussSeidel - sum += A[3][4] * x[4] -> sum += 0,8000 * 0,0000 = 1,7014
methods.GaussSeidel - x[3] = (b[3] - sum)/A[3][3] -> x[3] = (14,4000 - 1,7014) / 21,9000 = 0,5798
methods.GaussSeidel - sum += A[4][1] * x[1] -> sum += 0,9000 * 0,6328 = 0,5695
methods.GaussSeidel - sum += A[4][2] * x[2] -> sum += -1,2000 * -1,0194 = 1,7928
methods.GaussSeidel - sum += A[4][3] * x[3] -> sum += 0,8000 * 0,5798 = 2,2566
methods.GaussSeidel - x[4] = (b[4] - sum)/A[4][4] -> x[4] = (17,9000 - 2,2566) / 17,6000 = 0,8888
methods.GaussSeidel - Iteration: 2
methods.GaussSeidel - sum += A[1][2] * x[2] -> sum += 0,3000 * -1,0194 = -0,3058
methods.GaussSeidel - sum += A[1][3] * x[3] -> sum += 1,4000 * 0,5798 = 0,5060
methods.GaussSeidel - sum += A[1][4] * x[4] -> sum += 0,9000 * 0,8888 = 1,3059
methods.GaussSeidel - x[1] = (b[1] - sum)/A[1][1] -> x[1] = (11,2000 - 1,3059) / 17,7000 = 0,5590
methods.GaussSeidel - sum += A[2][1] * x[1] -> sum += 0,3000 * 0,5590 = 0,1677
methods.GaussSeidel - sum += A[2][3] * x[3] -> sum += -0,8000 * 0,5798 = -0,2962
methods.GaussSeidel - sum += A[2][4] * x[4] -> sum += -1,2000 * 0,8888 = -1,3628
methods.GaussSeidel - x[2] = (b[2] - sum)/A[2][2] -> x[2] = (-20,3000 - -1,3628) / 20,1000 = -0,9422
methods.GaussSeidel - sum += A[3][1] * x[1] -> sum += 1,4000 * 0,5590 = 0,7826
methods.GaussSeidel - sum += A[3][2] * x[2] -> sum += -0,8000 * -0,9422 = 1,5363
methods.GaussSeidel - sum += A[3][4] * x[4] -> sum += 0,8000 * 0,8888 = 2,2474
methods.GaussSeidel - x[3] = (b[3] - sum)/A[3][3] -> x[3] = (14,4000 - 2,2474) / 21,9000 = 0,5549
methods.GaussSeidel - sum += A[4][1] * x[1] -> sum += 0,9000 * 0,5590 = 0,5031
methods.GaussSeidel - sum += A[4][2] * x[2] -> sum += -1,2000 * -0,9422 = 1,6337
methods.GaussSeidel - sum += A[4][3] * x[3] -> sum += 0,8000 * 0,5549 = 2,0776
methods.GaussSeidel - x[4] = (b[4] - sum)/A[4][4] -> x[4] = (17,9000 - 2,0776) / 17,6000 = 0,8990
methods.GaussSeidel - Iteration: 3
methods.GaussSeidel - sum += A[1][2] * x[2] -> sum += 0,3000 * -0,9422 = -0,2826
methods.GaussSeidel - sum += A[1][3] * x[3] -> sum += 1,4000 * 0,5549 = 0,4942
methods.GaussSeidel - sum += A[1][4] * x[4] -> sum += 0,9000 * 0,8990 = 1,3033
methods.GaussSeidel - x[1] = (b[1] - sum)/A[1][1] -> x[1] = (11,2000 - 1,3033) / 17,7000 = 0,5591
methods.GaussSeidel - sum += A[2][1] * x[1] -> sum += 0,3000 * 0,5591 = 0,1677
methods.GaussSeidel - sum += A[2][3] * x[3] -> sum += -0,8000 * 0,5549 = -0,2762
methods.GaussSeidel - sum += A[2][4] * x[4] -> sum += -1,2000 * 0,8990 = -1,3550
methods.GaussSeidel - x[2] = (b[2] - sum)/A[2][2] -> x[2] = (-20,3000 - -1,3550) / 20,1000 = -0,9425
methods.GaussSeidel - sum += A[3][1] * x[1] -> sum += 1,4000 * 0,5591 = 0,7828
methods.GaussSeidel - sum += A[3][2] * x[2] -> sum += -0,8000 * -0,9425 = 1,5368
methods.GaussSeidel - sum += A[3][4] * x[4] -> sum += 0,8000 * 0,8990 = 2,2560
methods.GaussSeidel - x[3] = (b[3] - sum)/A[3][3] -> x[3] = (14,4000 - 2,2560) / 21,9000 = 0,5545
methods.GaussSeidel - sum += A[4][1] * x[1] -> sum += 0,9000 * 0,5591 = 0,5032
methods.GaussSeidel - sum += A[4][2] * x[2] -> sum += -1,2000 * -0,9425 = 1,6343
methods.GaussSeidel - sum += A[4][3] * x[3] -> sum += 0,8000 * 0,5545 = 2,0779
methods.GaussSeidel - x[4] = (b[4] - sum)/A[4][4] -> x[4] = (17,9000 - 2,0779) / 17,6000 = 0,8990
logger.LoggerMatrix - Решение системы уравнений:
logger.LoggerMatrix - x[1] = 0,5591
logger.LoggerMatrix - x[2] = -0,9425
logger.LoggerMatrix - x[3] = 0,5545
logger.LoggerMatrix - x[4] = 0,8990

methods.GaussSeidel - РЕШЕНИЕ СИСТЕМЫ УРОВНЕНИЙ МЕТОДОМ ГАУССА — ЗЕЙДЕЛЯ e10^-5
methods.GaussSeidel - Iteration: 1
methods.GaussSeidel - sum += A[1][2] * x[2] -> sum += 0,3000 * 0,0000 = 0,0000
methods.GaussSeidel - sum += A[1][3] * x[3] -> sum += 1,4000 * 0,0000 = 0,0000
methods.GaussSeidel - sum += A[1][4] * x[4] -> sum += 0,9000 * 0,0000 = 0,0000
methods.GaussSeidel - x[1] = (b[1] - sum)/A[1][1] -> x[1] = (11,2000 - 0,0000) / 17,7000 = 0,6328
methods.GaussSeidel - sum += A[2][1] * x[1] -> sum += 0,3000 * 0,6328 = 0,1898
methods.GaussSeidel - sum += A[2][3] * x[3] -> sum += -0,8000 * 0,0000 = 0,1898
methods.GaussSeidel - sum += A[2][4] * x[4] -> sum += -1,2000 * 0,0000 = 0,1898
methods.GaussSeidel - x[2] = (b[2] - sum)/A[2][2] -> x[2] = (-20,3000 - 0,1898) / 20,1000 = -1,0194
methods.GaussSeidel - sum += A[3][1] * x[1] -> sum += 1,4000 * 0,6328 = 0,8859
methods.GaussSeidel - sum += A[3][2] * x[2] -> sum += -0,8000 * -1,0194 = 1,7014
methods.GaussSeidel - sum += A[3][4] * x[4] -> sum += 0,8000 * 0,0000 = 1,7014
methods.GaussSeidel - x[3] = (b[3] - sum)/A[3][3] -> x[3] = (14,4000 - 1,7014) / 21,9000 = 0,5798
methods.GaussSeidel - sum += A[4][1] * x[1] -> sum += 0,9000 * 0,6328 = 0,5695
methods.GaussSeidel - sum += A[4][2] * x[2] -> sum += -1,2000 * -1,0194 = 1,7928
methods.GaussSeidel - sum += A[4][3] * x[3] -> sum += 0,8000 * 0,5798 = 2,2566
methods.GaussSeidel - x[4] = (b[4] - sum)/A[4][4] -> x[4] = (17,9000 - 2,2566) / 17,6000 = 0,8888
methods.GaussSeidel - Iteration: 2
methods.GaussSeidel - sum += A[1][2] * x[2] -> sum += 0,3000 * -1,0194 = -0,3058
methods.GaussSeidel - sum += A[1][3] * x[3] -> sum += 1,4000 * 0,5798 = 0,5060
methods.GaussSeidel - sum += A[1][4] * x[4] -> sum += 0,9000 * 0,8888 = 1,3059
methods.GaussSeidel - x[1] = (b[1] - sum)/A[1][1] -> x[1] = (11,2000 - 1,3059) / 17,7000 = 0,5590
methods.GaussSeidel - sum += A[2][1] * x[1] -> sum += 0,3000 * 0,5590 = 0,1677
methods.GaussSeidel - sum += A[2][3] * x[3] -> sum += -0,8000 * 0,5798 = -0,2962
methods.GaussSeidel - sum += A[2][4] * x[4] -> sum += -1,2000 * 0,8888 = -1,3628
methods.GaussSeidel - x[2] = (b[2] - sum)/A[2][2] -> x[2] = (-20,3000 - -1,3628) / 20,1000 = -0,9422
methods.GaussSeidel - sum += A[3][1] * x[1] -> sum += 1,4000 * 0,5590 = 0,7826
methods.GaussSeidel - sum += A[3][2] * x[2] -> sum += -0,8000 * -0,9422 = 1,5363
methods.GaussSeidel - sum += A[3][4] * x[4] -> sum += 0,8000 * 0,8888 = 2,2474
methods.GaussSeidel - x[3] = (b[3] - sum)/A[3][3] -> x[3] = (14,4000 - 2,2474) / 21,9000 = 0,5549
methods.GaussSeidel - sum += A[4][1] * x[1] -> sum += 0,9000 * 0,5590 = 0,5031
methods.GaussSeidel - sum += A[4][2] * x[2] -> sum += -1,2000 * -0,9422 = 1,6337
methods.GaussSeidel - sum += A[4][3] * x[3] -> sum += 0,8000 * 0,5549 = 2,0776
methods.GaussSeidel - x[4] = (b[4] - sum)/A[4][4] -> x[4] = (17,9000 - 2,0776) / 17,6000 = 0,8990
methods.GaussSeidel - Iteration: 3
methods.GaussSeidel - sum += A[1][2] * x[2] -> sum += 0,3000 * -0,9422 = -0,2826
methods.GaussSeidel - sum += A[1][3] * x[3] -> sum += 1,4000 * 0,5549 = 0,4942
methods.GaussSeidel - sum += A[1][4] * x[4] -> sum += 0,9000 * 0,8990 = 1,3033
methods.GaussSeidel - x[1] = (b[1] - sum)/A[1][1] -> x[1] = (11,2000 - 1,3033) / 17,7000 = 0,5591
methods.GaussSeidel - sum += A[2][1] * x[1] -> sum += 0,3000 * 0,5591 = 0,1677
methods.GaussSeidel - sum += A[2][3] * x[3] -> sum += -0,8000 * 0,5549 = -0,2762
methods.GaussSeidel - sum += A[2][4] * x[4] -> sum += -1,2000 * 0,8990 = -1,3550
methods.GaussSeidel - x[2] = (b[2] - sum)/A[2][2] -> x[2] = (-20,3000 - -1,3550) / 20,1000 = -0,9425
methods.GaussSeidel - sum += A[3][1] * x[1] -> sum += 1,4000 * 0,5591 = 0,7828
methods.GaussSeidel - sum += A[3][2] * x[2] -> sum += -0,8000 * -0,9425 = 1,5368
methods.GaussSeidel - sum += A[3][4] * x[4] -> sum += 0,8000 * 0,8990 = 2,2560
methods.GaussSeidel - x[3] = (b[3] - sum)/A[3][3] -> x[3] = (14,4000 - 2,2560) / 21,9000 = 0,5545
methods.GaussSeidel - sum += A[4][1] * x[1] -> sum += 0,9000 * 0,5591 = 0,5032
methods.GaussSeidel - sum += A[4][2] * x[2] -> sum += -1,2000 * -0,9425 = 1,6343
methods.GaussSeidel - sum += A[4][3] * x[3] -> sum += 0,8000 * 0,5545 = 2,0779
methods.GaussSeidel - x[4] = (b[4] - sum)/A[4][4] -> x[4] = (17,9000 - 2,0779) / 17,6000 = 0,8990
methods.GaussSeidel - Iteration: 4
methods.GaussSeidel - sum += A[1][2] * x[2] -> sum += 0,3000 * -0,9425 = -0,2828
methods.GaussSeidel - sum += A[1][3] * x[3] -> sum += 1,4000 * 0,5545 = 0,4936
methods.GaussSeidel - sum += A[1][4] * x[4] -> sum += 0,9000 * 0,8990 = 1,3027
methods.GaussSeidel - x[1] = (b[1] - sum)/A[1][1] -> x[1] = (11,2000 - 1,3027) / 17,7000 = 0,5592
methods.GaussSeidel - sum += A[2][1] * x[1] -> sum += 0,3000 * 0,5592 = 0,1678
methods.GaussSeidel - sum += A[2][3] * x[3] -> sum += -0,8000 * 0,5545 = -0,2759
methods.GaussSeidel - sum += A[2][4] * x[4] -> sum += -1,2000 * 0,8990 = -1,3546
methods.GaussSeidel - x[2] = (b[2] - sum)/A[2][2] -> x[2] = (-20,3000 - -1,3546) / 20,1000 = -0,9426
methods.GaussSeidel - sum += A[3][1] * x[1] -> sum += 1,4000 * 0,5592 = 0,7828
methods.GaussSeidel - sum += A[3][2] * x[2] -> sum += -0,8000 * -0,9426 = 1,5369
methods.GaussSeidel - sum += A[3][4] * x[4] -> sum += 0,8000 * 0,8990 = 2,2561
methods.GaussSeidel - x[3] = (b[3] - sum)/A[3][3] -> x[3] = (14,4000 - 2,2561) / 21,9000 = 0,5545
methods.GaussSeidel - sum += A[4][1] * x[1] -> sum += 0,9000 * 0,5592 = 0,5033
methods.GaussSeidel - sum += A[4][2] * x[2] -> sum += -1,2000 * -0,9426 = 1,6343
methods.GaussSeidel - sum += A[4][3] * x[3] -> sum += 0,8000 * 0,5545 = 2,0779
methods.GaussSeidel - x[4] = (b[4] - sum)/A[4][4] -> x[4] = (17,9000 - 2,0779) / 17,6000 = 0,8990
methods.GaussSeidel - Iteration: 5
methods.GaussSeidel - sum += A[1][2] * x[2] -> sum += 0,3000 * -0,9426 = -0,2828
methods.GaussSeidel - sum += A[1][3] * x[3] -> sum += 1,4000 * 0,5545 = 0,4936
methods.GaussSeidel - sum += A[1][4] * x[4] -> sum += 0,9000 * 0,8990 = 1,3026
methods.GaussSeidel - x[1] = (b[1] - sum)/A[1][1] -> x[1] = (11,2000 - 1,3026) / 17,7000 = 0,5592
methods.GaussSeidel - sum += A[2][1] * x[1] -> sum += 0,3000 * 0,5592 = 0,1678
methods.GaussSeidel - sum += A[2][3] * x[3] -> sum += -0,8000 * 0,5545 = -0,2759
methods.GaussSeidel - sum += A[2][4] * x[4] -> sum += -1,2000 * 0,8990 = -1,3546
methods.GaussSeidel - x[2] = (b[2] - sum)/A[2][2] -> x[2] = (-20,3000 - -1,3546) / 20,1000 = -0,9426
methods.GaussSeidel - sum += A[3][1] * x[1] -> sum += 1,4000 * 0,5592 = 0,7828
methods.GaussSeidel - sum += A[3][2] * x[2] -> sum += -0,8000 * -0,9426 = 1,5369
methods.GaussSeidel - sum += A[3][4] * x[4] -> sum += 0,8000 * 0,8990 = 2,2561
methods.GaussSeidel - x[3] = (b[3] - sum)/A[3][3] -> x[3] = (14,4000 - 2,2561) / 21,9000 = 0,5545
methods.GaussSeidel - sum += A[4][1] * x[1] -> sum += 0,9000 * 0,5592 = 0,5033
methods.GaussSeidel - sum += A[4][2] * x[2] -> sum += -1,2000 * -0,9426 = 1,6343
methods.GaussSeidel - sum += A[4][3] * x[3] -> sum += 0,8000 * 0,5545 = 2,0779
methods.GaussSeidel - x[4] = (b[4] - sum)/A[4][4] -> x[4] = (17,9000 - 2,0779) / 17,6000 = 0,8990
logger.LoggerMatrix - Решение системы уравнений:
logger.LoggerMatrix - x[1] = 0,5592
logger.LoggerMatrix - x[2] = -0,9426
logger.LoggerMatrix - x[3] = 0,5545
logger.LoggerMatrix - x[4] = 0,8990
